2024-01-14 17:09:20,955 [Worker-5: Loading available Gradle versions] INFO  o.e.b.c.i.u.g.PublishedGradleVersions - Gradle version information cache is up-to-date. Trying to read.
2024-01-14 17:09:22,909 [Worker-1: Initializing Servers view] ERROR o.e.m.c.i.p.r.ProjectRegistryReader - Can't read workspace state
java.io.InvalidClassException: org.eclipse.m2e.core.internal.project.registry.VersionlessKey; local class incompatible: stream classdesc serialVersionUID = 0, local class serialVersionUID = 2125977578206347429
	at java.io.ObjectStreamClass.initNonProxy(Unknown Source) ~[na:1.8.0_361]
	at java.io.ObjectInputStream.readNonProxyDesc(Unknown Source) ~[na:1.8.0_361]
	at java.io.ObjectInputStream.readClassDesc(Unknown Source) ~[na:1.8.0_361]
	at java.io.ObjectInputStream.readOrdinaryObject(Unknown Source) ~[na:1.8.0_361]
	at java.io.ObjectInputStream.readObject0(Unknown Source) ~[na:1.8.0_361]
	at java.io.ObjectInputStream.defaultReadFields(Unknown Source) ~[na:1.8.0_361]
	at java.io.ObjectInputStream.readSerialData(Unknown Source) ~[na:1.8.0_361]
	at java.io.ObjectInputStream.readOrdinaryObject(Unknown Source) ~[na:1.8.0_361]
	at java.io.ObjectInputStream.readObject0(Unknown Source) ~[na:1.8.0_361]
	at java.io.ObjectInputStream.readObject(Unknown Source) ~[na:1.8.0_361]
	at java.io.ObjectInputStream.readObject(Unknown Source) ~[na:1.8.0_361]
	at java.util.HashSet.readObject(Unknown Source) ~[na:1.8.0_361]
	at sun.reflect.NativeMethodAccessorImpl.invoke0(Native Method) ~[na:1.8.0_361]
	at sun.reflect.NativeMethodAccessorImpl.invoke(Unknown Source) ~[na:1.8.0_361]
	at sun.reflect.DelegatingMethodAccessorImpl.invoke(Unknown Source) ~[na:1.8.0_361]
	at java.lang.reflect.Method.invoke(Unknown Source) ~[na:1.8.0_361]
	at java.io.ObjectStreamClass.invokeReadObject(Unknown Source) ~[na:1.8.0_361]
	at java.io.ObjectInputStream.readSerialData(Unknown Source) ~[na:1.8.0_361]
	at java.io.ObjectInputStream.readOrdinaryObject(Unknown Source) ~[na:1.8.0_361]
	at java.io.ObjectInputStream.readObject0(Unknown Source) ~[na:1.8.0_361]
	at java.io.ObjectInputStream.readObject(Unknown Source) ~[na:1.8.0_361]
	at java.io.ObjectInputStream.readObject(Unknown Source) ~[na:1.8.0_361]
	at java.util.HashMap.readObject(Unknown Source) ~[na:1.8.0_361]
	at sun.reflect.NativeMethodAccessorImpl.invoke0(Native Method) ~[na:1.8.0_361]
	at sun.reflect.NativeMethodAccessorImpl.invoke(Unknown Source) ~[na:1.8.0_361]
	at sun.reflect.DelegatingMethodAccessorImpl.invoke(Unknown Source) ~[na:1.8.0_361]
	at java.lang.reflect.Method.invoke(Unknown Source) ~[na:1.8.0_361]
	at java.io.ObjectStreamClass.invokeReadObject(Unknown Source) ~[na:1.8.0_361]
	at java.io.ObjectInputStream.readSerialData(Unknown Source) ~[na:1.8.0_361]
	at java.io.ObjectInputStream.readOrdinaryObject(Unknown Source) ~[na:1.8.0_361]
	at java.io.ObjectInputStream.readObject0(Unknown Source) ~[na:1.8.0_361]
	at java.io.ObjectInputStream.defaultReadFields(Unknown Source) ~[na:1.8.0_361]
	at java.io.ObjectInputStream.readSerialData(Unknown Source) ~[na:1.8.0_361]
	at java.io.ObjectInputStream.readOrdinaryObject(Unknown Source) ~[na:1.8.0_361]
	at java.io.ObjectInputStream.readObject0(Unknown Source) ~[na:1.8.0_361]
	at java.io.ObjectInputStream.readObject(Unknown Source) ~[na:1.8.0_361]
	at java.io.ObjectInputStream.readObject(Unknown Source) ~[na:1.8.0_361]
	at org.eclipse.m2e.core.internal.project.registry.ProjectRegistryReader.readWorkspaceState(ProjectRegistryReader.java:103) ~[org.eclipse.m2e.core_1.16.0.20200605-0817.jar:na]
	at org.eclipse.m2e.core.internal.project.registry.ProjectRegistryManager.<init>(ProjectRegistryManager.java:179) [org.eclipse.m2e.core_1.16.0.20200605-0817.jar:na]
	at org.eclipse.m2e.core.internal.MavenPluginActivator.start(MavenPluginActivator.java:239) [org.eclipse.m2e.core_1.16.0.20200605-0817.jar:na]
	at org.eclipse.osgi.internal.framework.BundleContextImpl$3.run(BundleContextImpl.java:843) [org.eclipse.osgi_3.15.300.v20200520-1959.jar:na]
	at org.eclipse.osgi.internal.framework.BundleContextImpl$3.run(BundleContextImpl.java:1) [org.eclipse.osgi_3.15.300.v20200520-1959.jar:na]
	at java.security.AccessController.doPrivileged(Native Method) [na:1.8.0_361]
	at org.eclipse.osgi.internal.framework.BundleContextImpl.startActivator(BundleContextImpl.java:835) [org.eclipse.osgi_3.15.300.v20200520-1959.jar:na]
	at org.eclipse.osgi.internal.framework.BundleContextImpl.start(BundleContextImpl.java:792) [org.eclipse.osgi_3.15.300.v20200520-1959.jar:na]
	at org.eclipse.osgi.internal.framework.EquinoxBundle.startWorker0(EquinoxBundle.java:1015) [org.eclipse.osgi_3.15.300.v20200520-1959.jar:na]
	at org.eclipse.osgi.internal.framework.EquinoxBundle$EquinoxModule.startWorker(EquinoxBundle.java:365) [org.eclipse.osgi_3.15.300.v20200520-1959.jar:na]
	at org.eclipse.osgi.container.Module.doStart(Module.java:605) [org.eclipse.osgi_3.15.300.v20200520-1959.jar:na]
	at org.eclipse.osgi.container.Module.start(Module.java:468) [org.eclipse.osgi_3.15.300.v20200520-1959.jar:na]
	at org.eclipse.osgi.framework.util.SecureAction.start(SecureAction.java:493) [org.eclipse.osgi_3.15.300.v20200520-1959.jar:na]
	at org.eclipse.osgi.internal.hooks.EclipseLazyStarter.postFindLocalClass(EclipseLazyStarter.java:117) [org.eclipse.osgi_3.15.300.v20200520-1959.jar:na]
	at org.eclipse.osgi.internal.loader.classpath.ClasspathManager.findLocalClass(ClasspathManager.java:571) [org.eclipse.osgi_3.15.300.v20200520-1959.jar:na]
	at org.eclipse.osgi.internal.loader.ModuleClassLoader.findLocalClass(ModuleClassLoader.java:346) [org.eclipse.osgi_3.15.300.v20200520-1959.jar:na]
	at org.eclipse.osgi.internal.loader.BundleLoader.findLocalClass(BundleLoader.java:398) [org.eclipse.osgi_3.15.300.v20200520-1959.jar:na]
	at org.eclipse.osgi.internal.loader.sources.SingleSourcePackage.loadClass(SingleSourcePackage.java:41) [org.eclipse.osgi_3.15.300.v20200520-1959.jar:na]
	at org.eclipse.osgi.internal.loader.BundleLoader.findClass(BundleLoader.java:473) [org.eclipse.osgi_3.15.300.v20200520-1959.jar:na]
	at org.eclipse.osgi.internal.loader.ModuleClassLoader.loadClass(ModuleClassLoader.java:171) [org.eclipse.osgi_3.15.300.v20200520-1959.jar:na]
	at java.lang.ClassLoader.loadClass(Unknown Source) [na:1.8.0_361]
	at java.lang.Class.getDeclaredConstructors0(Native Method) [na:1.8.0_361]
	at java.lang.Class.privateGetDeclaredConstructors(Unknown Source) [na:1.8.0_361]
	at java.lang.Class.getConstructor0(Unknown Source) [na:1.8.0_361]
	at java.lang.Class.getConstructor(Unknown Source) [na:1.8.0_361]
	at org.eclipse.osgi.internal.framework.BundleContextImpl.loadBundleActivator(BundleContextImpl.java:826) [org.eclipse.osgi_3.15.300.v20200520-1959.jar:na]
	at org.eclipse.osgi.internal.framework.BundleContextImpl.start(BundleContextImpl.java:778) [org.eclipse.osgi_3.15.300.v20200520-1959.jar:na]
	at org.eclipse.osgi.internal.framework.EquinoxBundle.startWorker0(EquinoxBundle.java:1015) [org.eclipse.osgi_3.15.300.v20200520-1959.jar:na]
	at org.eclipse.osgi.internal.framework.EquinoxBundle$EquinoxModule.startWorker(EquinoxBundle.java:365) [org.eclipse.osgi_3.15.300.v20200520-1959.jar:na]
	at org.eclipse.osgi.container.Module.doStart(Module.java:605) [org.eclipse.osgi_3.15.300.v20200520-1959.jar:na]
	at org.eclipse.osgi.container.Module.start(Module.java:468) [org.eclipse.osgi_3.15.300.v20200520-1959.jar:na]
	at org.eclipse.osgi.framework.util.SecureAction.start(SecureAction.java:493) [org.eclipse.osgi_3.15.300.v20200520-1959.jar:na]
	at org.eclipse.osgi.internal.hooks.EclipseLazyStarter.postFindLocalClass(EclipseLazyStarter.java:117) [org.eclipse.osgi_3.15.300.v20200520-1959.jar:na]
	at org.eclipse.osgi.internal.loader.classpath.ClasspathManager.findLocalClass(ClasspathManager.java:571) [org.eclipse.osgi_3.15.300.v20200520-1959.jar:na]
	at org.eclipse.osgi.internal.loader.ModuleClassLoader.findLocalClass(ModuleClassLoader.java:346) [org.eclipse.osgi_3.15.300.v20200520-1959.jar:na]
	at org.eclipse.osgi.internal.loader.BundleLoader.findLocalClass(BundleLoader.java:398) [org.eclipse.osgi_3.15.300.v20200520-1959.jar:na]
	at org.eclipse.osgi.internal.loader.BundleLoader.findClass(BundleLoader.java:477) [org.eclipse.osgi_3.15.300.v20200520-1959.jar:na]
	at org.eclipse.osgi.internal.loader.ModuleClassLoader.loadClass(ModuleClassLoader.java:171) [org.eclipse.osgi_3.15.300.v20200520-1959.jar:na]
	at java.lang.ClassLoader.loadClass(Unknown Source) [na:1.8.0_361]
	at org.eclipse.osgi.internal.framework.EquinoxBundle.loadClass(EquinoxBundle.java:620) [org.eclipse.osgi_3.15.300.v20200520-1959.jar:na]
	at org.eclipse.core.internal.registry.osgi.RegistryStrategyOSGI.createExecutableExtension(RegistryStrategyOSGI.java:196) [org.eclipse.equinox.registry_3.8.800.v20200406-0956.jar:na]
	at org.eclipse.core.internal.registry.ExtensionRegistry.createExecutableExtension(ExtensionRegistry.java:923) [org.eclipse.equinox.registry_3.8.800.v20200406-0956.jar:na]
	at org.eclipse.core.internal.registry.ConfigurationElement.createExecutableExtension(ConfigurationElement.java:246) [org.eclipse.equinox.registry_3.8.800.v20200406-0956.jar:na]
	at org.eclipse.core.internal.registry.ConfigurationElementHandle.createExecutableExtension(ConfigurationElementHandle.java:63) [org.eclipse.equinox.registry_3.8.800.v20200406-0956.jar:na]
	at org.eclipse.jdt.core.JavaCore.computeClasspathContainerInitializer(JavaCore.java:3799) [org.eclipse.jdt.core_3.22.0.v20200530-2032.jar:na]
	at org.eclipse.jdt.core.JavaCore.getClasspathContainerInitializer(JavaCore.java:3775) [org.eclipse.jdt.core_3.22.0.v20200530-2032.jar:na]
	at org.eclipse.jdt.internal.core.JavaModelManager.initializeContainer(JavaModelManager.java:3176) [org.eclipse.jdt.core_3.22.0.v20200530-2032.jar:na]
	at org.eclipse.jdt.internal.core.JavaModelManager.getClasspathContainer(JavaModelManager.java:2116) [org.eclipse.jdt.core_3.22.0.v20200530-2032.jar:na]
	at org.eclipse.jdt.core.JavaCore.getClasspathContainer(JavaCore.java:3752) [org.eclipse.jdt.core_3.22.0.v20200530-2032.jar:na]
	at org.eclipse.jdt.internal.core.JavaProject.resolveClasspath(JavaProject.java:3196) [org.eclipse.jdt.core_3.22.0.v20200530-2032.jar:na]
	at org.eclipse.jdt.internal.core.JavaProject.resolveClasspath(JavaProject.java:3360) [org.eclipse.jdt.core_3.22.0.v20200530-2032.jar:na]
	at org.eclipse.jdt.internal.core.JavaProject.getResolvedClasspath(JavaProject.java:2478) [org.eclipse.jdt.core_3.22.0.v20200530-2032.jar:na]
	at org.eclipse.jst.j2ee.classpathdep.ClasspathDependencyUtil.getComponentClasspathDependencies(ClasspathDependencyUtil.java:356) [org.eclipse.jst.j2ee_1.2.301.v201903222025.jar:na]
	at org.eclipse.jst.j2ee.classpathdep.ClasspathDependencyUtil.getComponentClasspathDependencies(ClasspathDependencyUtil.java:276) [org.eclipse.jst.j2ee_1.2.301.v201903222025.jar:na]
	at org.eclipse.jst.j2ee.componentcore.J2EEModuleVirtualComponent.getJavaClasspathReferences(J2EEModuleVirtualComponent.java:276) [org.eclipse.jst.j2ee_1.2.301.v201903222025.jar:na]
	at org.eclipse.jst.j2ee.componentcore.J2EEModuleVirtualComponent.getNonManifestRefs(J2EEModuleVirtualComponent.java:246) [org.eclipse.jst.j2ee_1.2.301.v201903222025.jar:na]
	at org.eclipse.jst.j2ee.componentcore.J2EEModuleVirtualComponent.getReferences(J2EEModuleVirtualComponent.java:170) [org.eclipse.jst.j2ee_1.2.301.v201903222025.jar:na]
	at org.eclipse.jst.j2ee.componentcore.J2EEModuleVirtualComponent.getReferences(J2EEModuleVirtualComponent.java:218) [org.eclipse.jst.j2ee_1.2.301.v201903222025.jar:na]
	at org.eclipse.jst.j2ee.componentcore.J2EEModuleVirtualComponent.getReferences(J2EEModuleVirtualComponent.java:211) [org.eclipse.jst.j2ee_1.2.301.v201903222025.jar:na]
	at org.eclipse.jst.common.internal.modulecore.SingleRootUtil.hasConsumableReferences(SingleRootUtil.java:217) [org.eclipse.jst.common.frameworks_1.1.701.v201903222024.jar:na]
	at org.eclipse.jst.common.internal.modulecore.SingleRootUtil.validateSingleRoot(SingleRootUtil.java:165) [org.eclipse.jst.common.frameworks_1.1.701.v201903222024.jar:na]
	at org.eclipse.jst.common.internal.modulecore.SingleRootUtil.isSingleRoot(SingleRootUtil.java:93) [org.eclipse.jst.common.frameworks_1.1.701.v201903222024.jar:na]
	at org.eclipse.jst.common.internal.modulecore.SingleRootExportParticipant.canOptimize(SingleRootExportParticipant.java:90) [org.eclipse.jst.common.frameworks_1.1.701.v201903222024.jar:na]
	at org.eclipse.wst.common.componentcore.internal.flat.FlatVirtualComponent.canOptimize(FlatVirtualComponent.java:203) [org.eclipse.wst.common.modulecore_1.3.100.v201903222010.jar:na]
	at org.eclipse.wst.common.componentcore.internal.flat.FlatVirtualComponent.cacheResources(FlatVirtualComponent.java:185) [org.eclipse.wst.common.modulecore_1.3.100.v201903222010.jar:na]
	at org.eclipse.wst.common.componentcore.internal.flat.FlatVirtualComponent.getChildModules(FlatVirtualComponent.java:160) [org.eclipse.wst.common.modulecore_1.3.100.v201903222010.jar:na]
	at org.eclipse.wst.web.internal.deployables.FlatComponentDeployable.getExportModelChildren(FlatComponentDeployable.java:261) [org.eclipse.wst.web_1.2.100.v201905161255.jar:na]
	at org.eclipse.wst.web.internal.deployables.FlatComponentDeployable.getModules(FlatComponentDeployable.java:272) [org.eclipse.wst.web_1.2.100.v201905161255.jar:na]
	at org.eclipse.jst.server.tomcat.core.internal.TomcatServer.getChildModules(TomcatServer.java:388) [org.eclipse.jst.server.tomcat.core_1.1.1000.v201910252115.jar:na]
	at org.eclipse.wst.server.core.internal.Server.getChildModules(Server.java:2649) [org.eclipse.wst.server.core_1.10.100.v201910252115.jar:na]
	at org.eclipse.wst.server.core.internal.Server.visitModule(Server.java:3070) [org.eclipse.wst.server.core_1.10.100.v201910252115.jar:na]
	at org.eclipse.wst.server.core.internal.Server.visit(Server.java:3051) [org.eclipse.wst.server.core_1.10.100.v201910252115.jar:na]
	at org.eclipse.wst.server.core.internal.Server.getAllModules(Server.java:1554) [org.eclipse.wst.server.core_1.10.100.v201910252115.jar:na]
	at org.eclipse.wst.server.ui.internal.cnf.ServersView2$3.run(ServersView2.java:191) [org.eclipse.wst.server.ui_1.5.600.v201910252115.jar:na]
	at org.eclipse.core.internal.jobs.Worker.run(Worker.java:63) [org.eclipse.core.jobs_3.10.800.v20200421-0950.jar:na]
2024-01-14 17:09:25,570 [Worker-4: Building] INFO  o.e.m.c.i.l.LifecycleMappingFactory - Using org.maven.ide.eclipse.wtp.WarLifecycleMapping lifecycle mapping for MavenProject: W1:W1:0.0.1-SNAPSHOT @ C:\Users\Admin\eclipse-workspace\KienTrucPhanMem\W1\pom.xml.
2024-01-14 17:09:25,892 [Worker-4: Building] WARN  o.e.m.c.i.embedder.EclipseLogger - The artifact org.hibernate:hibernate-validator:jar:6.2.5.Final has been relocated to org.hibernate.validator:hibernate-validator:jar:6.2.5.Final
2024-01-14 17:09:26,160 [Worker-4: Building] WARN  o.e.m.c.i.embedder.EclipseLogger - The artifact org.hibernate:hibernate-validator:jar:6.2.5.Final has been relocated to org.hibernate.validator:hibernate-validator:jar:6.2.5.Final
2024-01-14 17:09:27,787 [Worker-4: Building] WARN  o.e.m.c.i.embedder.EclipseLogger - Using platform encoding (Cp1252 actually) to copy filtered resources, i.e. build is platform dependent!
2024-01-14 17:09:27,790 [Worker-4: Building] INFO  o.e.m.c.i.embedder.EclipseLogger - skip non existing resourceDirectory C:\Users\Admin\eclipse-workspace\KienTrucPhanMem\W1\src\main\resources
2024-01-14 17:09:27,793 [Worker-4: Building] WARN  o.e.m.c.i.embedder.EclipseLogger - Using platform encoding (Cp1252 actually) to copy filtered resources, i.e. build is platform dependent!
2024-01-14 17:09:27,795 [Worker-4: Building] INFO  o.e.m.c.i.embedder.EclipseLogger - skip non existing resourceDirectory C:\Users\Admin\eclipse-workspace\KienTrucPhanMem\W1\src\test\resources
2024-01-14 17:09:28,646 [Worker-7: Updating Maven Dependencies] INFO  o.e.m.c.i.l.LifecycleMappingFactory - Using org.maven.ide.eclipse.wtp.WarLifecycleMapping lifecycle mapping for MavenProject: W1:W1:0.0.1-SNAPSHOT @ C:\Users\Admin\eclipse-workspace\KienTrucPhanMem\W1\pom.xml.
2024-01-14 17:09:28,931 [Worker-7: Updating Maven Dependencies] WARN  o.e.m.c.i.embedder.EclipseLogger - The artifact org.hibernate:hibernate-validator:jar:6.2.5.Final has been relocated to org.hibernate.validator:hibernate-validator:jar:6.2.5.Final
2024-01-14 17:09:29,015 [Worker-7: Updating Maven Dependencies] WARN  o.e.m.c.i.embedder.EclipseLogger - The artifact org.hibernate:hibernate-validator:jar:6.2.5.Final has been relocated to org.hibernate.validator:hibernate-validator:jar:6.2.5.Final
2024-01-14 17:09:29,773 [Worker-6: Building] WARN  o.e.m.c.i.embedder.EclipseLogger - The artifact org.hibernate:hibernate-validator:jar:6.2.5.Final has been relocated to org.hibernate.validator:hibernate-validator:jar:6.2.5.Final
2024-01-14 17:09:29,792 [Worker-6: Building] WARN  o.e.m.c.i.embedder.EclipseLogger - Using platform encoding (Cp1252 actually) to copy filtered resources, i.e. build is platform dependent!
2024-01-14 17:09:29,794 [Worker-6: Building] INFO  o.e.m.c.i.embedder.EclipseLogger - skip non existing resourceDirectory C:\Users\Admin\eclipse-workspace\KienTrucPhanMem\W1\src\main\resources
2024-01-14 17:09:29,795 [Worker-6: Building] WARN  o.e.m.c.i.embedder.EclipseLogger - Using platform encoding (Cp1252 actually) to copy filtered resources, i.e. build is platform dependent!
2024-01-14 17:09:29,797 [Worker-6: Building] INFO  o.e.m.c.i.embedder.EclipseLogger - skip non existing resourceDirectory C:\Users\Admin\eclipse-workspace\KienTrucPhanMem\W1\src\test\resources
2024-01-14 17:11:18,406 [Worker-0: Building] WARN  o.e.m.c.i.embedder.EclipseLogger - Using platform encoding (Cp1252 actually) to copy filtered resources, i.e. build is platform dependent!
2024-01-14 17:11:18,409 [Worker-0: Building] INFO  o.e.m.c.i.embedder.EclipseLogger - skip non existing resourceDirectory C:\Users\Admin\eclipse-workspace\KienTrucPhanMem\W1\src\main\resources
2024-01-14 17:11:18,412 [Worker-0: Building] WARN  o.e.m.c.i.embedder.EclipseLogger - Using platform encoding (Cp1252 actually) to copy filtered resources, i.e. build is platform dependent!
2024-01-14 17:11:18,414 [Worker-0: Building] INFO  o.e.m.c.i.embedder.EclipseLogger - skip non existing resourceDirectory C:\Users\Admin\eclipse-workspace\KienTrucPhanMem\W1\src\test\resources
2024-01-14 17:11:55,169 [Worker-26: Building] WARN  o.e.m.c.i.embedder.EclipseLogger - Using platform encoding (Cp1252 actually) to copy filtered resources, i.e. build is platform dependent!
2024-01-14 17:11:55,172 [Worker-26: Building] INFO  o.e.m.c.i.embedder.EclipseLogger - skip non existing resourceDirectory C:\Users\Admin\eclipse-workspace\KienTrucPhanMem\W1\src\main\resources
2024-01-14 17:11:55,175 [Worker-26: Building] WARN  o.e.m.c.i.embedder.EclipseLogger - Using platform encoding (Cp1252 actually) to copy filtered resources, i.e. build is platform dependent!
2024-01-14 17:11:55,179 [Worker-26: Building] INFO  o.e.m.c.i.embedder.EclipseLogger - skip non existing resourceDirectory C:\Users\Admin\eclipse-workspace\KienTrucPhanMem\W1\src\test\resources
